<?xml version="1.0" encoding="UTF-8"?>
<!-- Generated by org.testng.reporters.JUnitReportReporter -->
<testsuite hostname="LAPTOP-JF515C61" failures="0" tests="2" name="tests.LogInTest" time="31.778" errors="0" timestamp="23 Oct 2019 13:28:44 GMT" skipped="0">
  <testcase classname="tests.LogInTest" name="verifyURL" time="13.265"/>
  <testcase classname="tests.LogInTest" name="logIn" time="18.513"/>
</testsuite> <!-- tests.LogInTest -->
