<?xml version="1.0" encoding="UTF-8"?>
<!-- Generated by org.testng.reporters.JUnitReportReporter -->
<testsuite hostname="LAPTOP-JF515C61" failures="0" tests="2" name="tests.LogInTest" time="28.335" errors="0" timestamp="23 Oct 2019 15:17:14 GMT" skipped="0">
  <testcase classname="tests.LogInTest" name="verifyURL" time="11.990"/>
  <testcase classname="tests.LogInTest" name="logIn" time="16.345"/>
</testsuite> <!-- tests.LogInTest -->
